<?xml version="1.0" encoding="UTF-8"?>
<testsuite xmlns:xsi="http://www.w3.org/2001/XMLSchema-instance" xsi:noNamespaceSchemaLocation="https://maven.apache.org/surefire/maven-surefire-plugin/xsd/surefire-test-report.xsd" name="ru.netology.radio.RadioTest" time="0.022" tests="29" errors="0" skipped="0" failures="0">
  <properties>
    <property name="gopherProxySet" value="false"/>
    <property name="awt.toolkit" value="sun.lwawt.macosx.LWCToolkit"/>
    <property name="java.specification.version" value="11"/>
    <property name="sun.cpu.isalist" value=""/>
    <property name="sun.jnu.encoding" value="UTF-8"/>
    <property name="java.class.path" value="/Users/simvoli/Desktop/Testing/HW Java 11.0.2/target/test-classes:/Users/simvoli/Desktop/Testing/HW Java 11.0.2/target/classes:/Users/simvoli/.m2/repository/org/junit/jupiter/junit-jupiter/5.7.0/junit-jupiter-5.7.0.jar:/Users/simvoli/.m2/repository/org/junit/jupiter/junit-jupiter-api/5.7.0/junit-jupiter-api-5.7.0.jar:/Users/simvoli/.m2/repository/org/apiguardian/apiguardian-api/1.1.0/apiguardian-api-1.1.0.jar:/Users/simvoli/.m2/repository/org/opentest4j/opentest4j/1.2.0/opentest4j-1.2.0.jar:/Users/simvoli/.m2/repository/org/junit/platform/junit-platform-commons/1.7.0/junit-platform-commons-1.7.0.jar:/Users/simvoli/.m2/repository/org/junit/jupiter/junit-jupiter-params/5.7.0/junit-jupiter-params-5.7.0.jar:/Users/simvoli/.m2/repository/org/junit/jupiter/junit-jupiter-engine/5.7.0/junit-jupiter-engine-5.7.0.jar:/Users/simvoli/.m2/repository/org/junit/platform/junit-platform-engine/1.7.0/junit-platform-engine-1.7.0.jar:"/>
    <property name="java.vm.vendor" value="Amazon.com Inc."/>
    <property name="sun.arch.data.model" value="64"/>
    <property name="java.vendor.url" value="https://aws.amazon.com/corretto/"/>
    <property name="user.timezone" value=""/>
    <property name="java.vm.specification.version" value="11"/>
    <property name="os.name" value="Mac OS X"/>
    <property name="sun.java.launcher" value="SUN_STANDARD"/>
    <property name="user.country" value="RU"/>
    <property name="sun.boot.library.path" value="/Users/simvoli/Library/Java/JavaVirtualMachines/corretto-11.0.18/Contents/Home/lib"/>
    <property name="sun.java.command" value="/Users/simvoli/Desktop/Testing/HW Java 11.0.2/target/surefire/surefirebooter11831350449719231348.jar /Users/simvoli/Desktop/Testing/HW Java 11.0.2/target/surefire 2023-04-29T20-14-13_367-jvmRun1 surefire8733851097376099847tmp surefire_01375788874058403018tmp"/>
    <property name="http.nonProxyHosts" value="local|*.local|169.254/16|*.169.254/16"/>
    <property name="jdk.debug" value="release"/>
    <property name="surefire.test.class.path" value="/Users/simvoli/Desktop/Testing/HW Java 11.0.2/target/test-classes:/Users/simvoli/Desktop/Testing/HW Java 11.0.2/target/classes:/Users/simvoli/.m2/repository/org/junit/jupiter/junit-jupiter/5.7.0/junit-jupiter-5.7.0.jar:/Users/simvoli/.m2/repository/org/junit/jupiter/junit-jupiter-api/5.7.0/junit-jupiter-api-5.7.0.jar:/Users/simvoli/.m2/repository/org/apiguardian/apiguardian-api/1.1.0/apiguardian-api-1.1.0.jar:/Users/simvoli/.m2/repository/org/opentest4j/opentest4j/1.2.0/opentest4j-1.2.0.jar:/Users/simvoli/.m2/repository/org/junit/platform/junit-platform-commons/1.7.0/junit-platform-commons-1.7.0.jar:/Users/simvoli/.m2/repository/org/junit/jupiter/junit-jupiter-params/5.7.0/junit-jupiter-params-5.7.0.jar:/Users/simvoli/.m2/repository/org/junit/jupiter/junit-jupiter-engine/5.7.0/junit-jupiter-engine-5.7.0.jar:/Users/simvoli/.m2/repository/org/junit/platform/junit-platform-engine/1.7.0/junit-platform-engine-1.7.0.jar:"/>
    <property name="sun.cpu.endian" value="little"/>
    <property name="user.home" value="/Users/simvoli"/>
    <property name="user.language" value="ru"/>
    <property name="java.specification.vendor" value="Oracle Corporation"/>
    <property name="java.version.date" value="2023-01-17"/>
    <property name="java.home" value="/Users/simvoli/Library/Java/JavaVirtualMachines/corretto-11.0.18/Contents/Home"/>
    <property name="file.separator" value="/"/>
    <property name="basedir" value="/Users/simvoli/Desktop/Testing/HW Java 11.0.2"/>
    <property name="java.vm.compressedOopsMode" value="Zero based"/>
    <property name="line.separator" value="&#10;"/>
    <property name="java.specification.name" value="Java Platform API Specification"/>
    <property name="java.vm.specification.vendor" value="Oracle Corporation"/>
    <property name="java.awt.graphicsenv" value="sun.awt.CGraphicsEnvironment"/>
    <property name="surefire.real.class.path" value="/Users/simvoli/Desktop/Testing/HW Java 11.0.2/target/surefire/surefirebooter11831350449719231348.jar"/>
    <property name="sun.management.compiler" value="HotSpot 64-Bit Tiered Compilers"/>
    <property name="ftp.nonProxyHosts" value="local|*.local|169.254/16|*.169.254/16"/>
    <property name="java.runtime.version" value="11.0.18+10-LTS"/>
    <property name="user.name" value="simvoli"/>
    <property name="path.separator" value=":"/>
    <property name="os.version" value="13.0"/>
    <property name="java.runtime.name" value="OpenJDK Runtime Environment"/>
    <property name="file.encoding" value="UTF-8"/>
    <property name="java.vm.name" value="OpenJDK 64-Bit Server VM"/>
    <property name="java.vendor.version" value="Corretto-11.0.18.10.1"/>
    <property name="localRepository" value="/Users/simvoli/.m2/repository"/>
    <property name="java.vendor.url.bug" value="https://github.com/corretto/corretto-11/issues/"/>
    <property name="java.io.tmpdir" value="/var/folders/4r/04fh2_197_z25wcyvc_r9gb40000gn/T/"/>
    <property name="idea.version" value="2022.3.1"/>
    <property name="java.version" value="11.0.18"/>
    <property name="user.dir" value="/Users/simvoli/Desktop/Testing/HW Java 11.0.2"/>
    <property name="os.arch" value="aarch64"/>
    <property name="java.vm.specification.name" value="Java Virtual Machine Specification"/>
    <property name="java.awt.printerjob" value="sun.lwawt.macosx.CPrinterJob"/>
    <property name="sun.os.patch.level" value="unknown"/>
    <property name="java.library.path" value="/Users/simvoli/Library/Java/Extensions:/Library/Java/Extensions:/Network/Library/Java/Extensions:/System/Library/Java/Extensions:/usr/lib/java:."/>
    <property name="java.vm.info" value="mixed mode"/>
    <property name="java.vendor" value="Amazon.com Inc."/>
    <property name="java.vm.version" value="11.0.18+10-LTS"/>
    <property name="sun.io.unicode.encoding" value="UnicodeBig"/>
    <property name="java.class.version" value="55.0"/>
    <property name="socksNonProxyHosts" value="local|*.local|169.254/16|*.169.254/16"/>
  </properties>
  <testcase name="testSetNormVolumeConstructor" classname="ru.netology.radio.RadioTest" time="0.011"/>
  <testcase name="testPrevNormalVolume" classname="ru.netology.radio.RadioTest" time="0"/>
  <testcase name="testPrevMinimalVolumeConstructor" classname="ru.netology.radio.RadioTest" time="0"/>
  <testcase name="testSetAboveMaximumVolume" classname="ru.netology.radio.RadioTest" time="0"/>
  <testcase name="testSetMaxOverOneStation" classname="ru.netology.radio.RadioTest" time="0"/>
  <testcase name="testNextMaximumVolumeConstructor" classname="ru.netology.radio.RadioTest" time="0"/>
  <testcase name="testSetNegativeStationConstructor" classname="ru.netology.radio.RadioTest" time="0"/>
  <testcase name="testNexStation" classname="ru.netology.radio.RadioTest" time="0"/>
  <testcase name="testNextMaximumVolume" classname="ru.netology.radio.RadioTest" time="0"/>
  <testcase name="testNexMaxStation" classname="ru.netology.radio.RadioTest" time="0.001"/>
  <testcase name="testSetAboveMaximumVolumeConstructor" classname="ru.netology.radio.RadioTest" time="0"/>
  <testcase name="testNexStationConstructor" classname="ru.netology.radio.RadioTest" time="0"/>
  <testcase name="testPrevStation" classname="ru.netology.radio.RadioTest" time="0"/>
  <testcase name="testPrevNormalVolumeConstructor" classname="ru.netology.radio.RadioTest" time="0"/>
  <testcase name="testPrevMinStationConstructor" classname="ru.netology.radio.RadioTest" time="0"/>
  <testcase name="testSetNormalStation" classname="ru.netology.radio.RadioTest" time="0"/>
  <testcase name="testNextNormalVolume" classname="ru.netology.radio.RadioTest" time="0.001"/>
  <testcase name="testSetNormVolume" classname="ru.netology.radio.RadioTest" time="0"/>
  <testcase name="testSetLessThanZeroVolume" classname="ru.netology.radio.RadioTest" time="0"/>
  <testcase name="testSetNormalStationConstructor" classname="ru.netology.radio.RadioTest" time="0"/>
  <testcase name="testSetLessThanZeroVolumeConstructor" classname="ru.netology.radio.RadioTest" time="0.001"/>
  <testcase name="testSetNegativeStation" classname="ru.netology.radio.RadioTest" time="0"/>
  <testcase name="testPrevMinimalVolume" classname="ru.netology.radio.RadioTest" time="0"/>
  <testcase name="testSetAboveMaxStationConstructor" classname="ru.netology.radio.RadioTest" time="0"/>
  <testcase name="testPrevMinStation" classname="ru.netology.radio.RadioTest" time="0.001"/>
  <testcase name="testNexMaxStationConstructor" classname="ru.netology.radio.RadioTest" time="0"/>
  <testcase name="testSetMinStationConstructor" classname="ru.netology.radio.RadioTest" time="0"/>
  <testcase name="testNextNormalVolumeConstructor" classname="ru.netology.radio.RadioTest" time="0"/>
  <testcase name="testPrevStationConstructor" classname="ru.netology.radio.RadioTest" time="0.001"/>
</testsuite>